build/app/intermediates/manifest_merge_blame_file/debug/manifest-merger-blame-debug-report.txt
1<?xml version="1.0" encoding="utf-8"?>
2<manifest xmlns:android="http://schemas.android.com/apk/res/android"
3    package="com.spotifyflutter.abdulwahabtanveer"
4    android:versionCode="1"
5    android:versionName="1.0.0" >
6
7    <uses-sdk
8        android:minSdkVersion="21"
9        android:targetSdkVersion="31" />
10    <!--
11         Flutter needs it to communicate with the running application
12         to allow setting breakpoints, to provide hot reload, etc.
13    -->
14    <uses-permission android:name="android.permission.INTERNET" />
14-->src/main/AndroidManifest.xml:8:5-66
14-->src/main/AndroidManifest.xml:8:22-64
15    <uses-permission android:name="android.permission.ACCESS_NETWORK_STATE" />
15-->[:connectivity_plus] AndroidManifest.xml:7:5-79
15-->[:connectivity_plus] AndroidManifest.xml:7:22-76
16
17    <queries>
17-->[com.facebook.android:facebook-common:16.0.1] AndroidManifest.xml:17:5-19:15
18        <package android:name="com.facebook.katana" />
18-->[com.facebook.android:facebook-common:16.0.1] AndroidManifest.xml:18:9-55
18-->[com.facebook.android:facebook-common:16.0.1] AndroidManifest.xml:18:18-52
19    </queries>
20
21    <uses-permission android:name="com.google.android.gms.permission.AD_ID" />
21-->[com.facebook.android:facebook-core:16.0.1] AndroidManifest.xml:16:5-79
21-->[com.facebook.android:facebook-core:16.0.1] AndroidManifest.xml:16:22-76
22    <uses-permission android:name="com.google.android.finsky.permission.BIND_GET_INSTALL_REFERRER_SERVICE" />
22-->[com.android.installreferrer:installreferrer:1.0] AndroidManifest.xml:9:5-110
22-->[com.android.installreferrer:installreferrer:1.0] AndroidManifest.xml:9:22-107
23
24    <application
24-->src/main/AndroidManifest.xml:9:5-36:19
25        android:appComponentFactory="androidx.core.app.CoreComponentFactory"
25-->[androidx.core:core:1.6.0] AndroidManifest.xml:24:18-86
26        android:debuggable="true"
27        android:icon="@mipmap/ic_launcher"
27-->src/main/AndroidManifest.xml:9:18-52
28        android:label="spotify_flutter"
28-->src/main/AndroidManifest.xml:9:53-84
29        android:supportsRtl="true" >
29-->[com.facebook.android:facebook-login:16.0.1] AndroidManifest.xml:16:18-44
30        <activity
30-->src/main/AndroidManifest.xml:10:9-30:20
31            android:name="com.spotifyflutter.abdulwahabtanveer.MainActivity"
31-->src/main/AndroidManifest.xml:13:44-72
32            android:configChanges="orientation|keyboardHidden|keyboard|screenSize|smallestScreenSize|locale|layoutDirection|fontScale|screenLayout|density|uiMode"
32-->src/main/AndroidManifest.xml:11:13-163
33            android:exported="true"
33-->src/main/AndroidManifest.xml:12:13-36
34            android:hardwareAccelerated="true"
34-->src/main/AndroidManifest.xml:12:37-71
35            android:launchMode="singleTop"
35-->src/main/AndroidManifest.xml:13:13-43
36            android:theme="@style/LaunchTheme"
36-->src/main/AndroidManifest.xml:14:13-47
37            android:windowSoftInputMode="adjustResize" >
37-->src/main/AndroidManifest.xml:14:48-90
38
39            <!--
40                 Specifies an Android theme to apply to this Activity as soon as
41                 the Android process has started. This theme is visible to the user
42                 while the Flutter UI initializes. After that, this theme continues
43                 to determine the Window background behind the Flutter UI.
44            -->
45            <meta-data
45-->src/main/AndroidManifest.xml:19:13-20:112
46                android:name="io.flutter.embedding.android.NormalTheme"
46-->src/main/AndroidManifest.xml:20:17-72
47                android:resource="@style/NormalTheme" />
47-->src/main/AndroidManifest.xml:20:73-110
48            <!--
49                 Displays an Android View that continues showing the launch screen
50                 Drawable until Flutter paints its first frame, then this splash
51                 screen fades out. A splash screen is useful to avoid any visual
52                 gap between the end of Android's launch screen and the painting of
53                 Flutter's first frame.
54            -->
55            <intent-filter>
55-->src/main/AndroidManifest.xml:26:13-29:29
56                <action android:name="android.intent.action.MAIN" />
56-->src/main/AndroidManifest.xml:27:17-68
56-->src/main/AndroidManifest.xml:27:25-66
57
58                <category android:name="android.intent.category.LAUNCHER" />
58-->src/main/AndroidManifest.xml:28:17-76
58-->src/main/AndroidManifest.xml:28:27-74
59            </intent-filter>
60        </activity>
61        <!--
62             Don't delete the meta-data below.
63             This is used by the Flutter tool to generate GeneratedPluginRegistrant.java
64        -->
65        <meta-data
65-->src/main/AndroidManifest.xml:33:9-71
66            android:name="flutterEmbedding"
66-->src/main/AndroidManifest.xml:33:20-51
67            android:value="2" />
67-->src/main/AndroidManifest.xml:33:52-69
68        <meta-data
68-->src/main/AndroidManifest.xml:34:9-107
69            android:name="com.facebook.sdk.ApplicationId"
69-->src/main/AndroidManifest.xml:34:20-65
70            android:value="@string/facebook_app_id" />
70-->src/main/AndroidManifest.xml:34:66-105
71        <meta-data
71-->src/main/AndroidManifest.xml:35:9-111
72            android:name="com.facebook.sdk.ClientToken"
72-->src/main/AndroidManifest.xml:35:20-63
73            android:value="@string/facebook_client_token" />
73-->src/main/AndroidManifest.xml:35:64-109
74
75        <uses-library
75-->[androidx.window:window:1.0.0-beta04] AndroidManifest.xml:25:9-27:40
76            android:name="androidx.window.extensions"
76-->[androidx.window:window:1.0.0-beta04] AndroidManifest.xml:26:13-54
77            android:required="false" />
77-->[androidx.window:window:1.0.0-beta04] AndroidManifest.xml:27:13-37
78        <uses-library
78-->[androidx.window:window:1.0.0-beta04] AndroidManifest.xml:28:9-30:40
79            android:name="androidx.window.sidecar"
79-->[androidx.window:window:1.0.0-beta04] AndroidManifest.xml:29:13-51
80            android:required="false" />
80-->[androidx.window:window:1.0.0-beta04] AndroidManifest.xml:30:13-37
81
82        <activity
82-->[com.facebook.android:facebook-common:16.0.1] AndroidManifest.xml:22:9-25:66
83            android:name="com.facebook.FacebookActivity"
83-->[com.facebook.android:facebook-common:16.0.1] AndroidManifest.xml:23:13-57
84            android:configChanges="keyboard|keyboardHidden|screenLayout|screenSize|orientation"
84-->[com.facebook.android:facebook-common:16.0.1] AndroidManifest.xml:24:13-96
85            android:theme="@style/com_facebook_activity_theme" />
85-->[com.facebook.android:facebook-common:16.0.1] AndroidManifest.xml:25:13-63
86        <activity android:name="com.facebook.CustomTabMainActivity" />
86-->[com.facebook.android:facebook-common:16.0.1] AndroidManifest.xml:26:9-71
86-->[com.facebook.android:facebook-common:16.0.1] AndroidManifest.xml:26:19-68
87        <activity
87-->[com.facebook.android:facebook-common:16.0.1] AndroidManifest.xml:27:9-41:20
88            android:name="com.facebook.CustomTabActivity"
88-->[com.facebook.android:facebook-common:16.0.1] AndroidManifest.xml:28:13-58
89            android:exported="true" >
89-->[com.facebook.android:facebook-common:16.0.1] AndroidManifest.xml:29:13-36
90            <intent-filter>
90-->[com.facebook.android:facebook-common:16.0.1] AndroidManifest.xml:31:13-40:29
91                <action android:name="android.intent.action.VIEW" />
91-->[com.facebook.android:facebook-common:16.0.1] AndroidManifest.xml:32:17-69
91-->[com.facebook.android:facebook-common:16.0.1] AndroidManifest.xml:32:25-66
92
93                <category android:name="android.intent.category.DEFAULT" />
93-->[com.facebook.android:facebook-common:16.0.1] AndroidManifest.xml:34:17-76
93-->[com.facebook.android:facebook-common:16.0.1] AndroidManifest.xml:34:27-73
94                <category android:name="android.intent.category.BROWSABLE" />
94-->[com.facebook.android:facebook-common:16.0.1] AndroidManifest.xml:35:17-78
94-->[com.facebook.android:facebook-common:16.0.1] AndroidManifest.xml:35:27-75
95
96                <data
96-->[com.facebook.android:facebook-common:16.0.1] AndroidManifest.xml:37:17-39:50
97                    android:host="cct.com.spotifyflutter.abdulwahabtanveer"
97-->[com.facebook.android:facebook-common:16.0.1] AndroidManifest.xml:38:21-56
98                    android:scheme="fbconnect" />
98-->[com.facebook.android:facebook-common:16.0.1] AndroidManifest.xml:39:21-47
99            </intent-filter>
100        </activity>
101        <activity
101-->[com.google.android.gms:play-services-auth:20.7.0] AndroidManifest.xml:23:9-27:75
102            android:name="com.google.android.gms.auth.api.signin.internal.SignInHubActivity"
102-->[com.google.android.gms:play-services-auth:20.7.0] AndroidManifest.xml:24:13-93
103            android:excludeFromRecents="true"
103-->[com.google.android.gms:play-services-auth:20.7.0] AndroidManifest.xml:25:13-46
104            android:exported="false"
104-->[com.google.android.gms:play-services-auth:20.7.0] AndroidManifest.xml:26:13-37
105            android:theme="@android:style/Theme.Translucent.NoTitleBar" />
105-->[com.google.android.gms:play-services-auth:20.7.0] AndroidManifest.xml:27:13-72
106        <!--
107            Service handling Google Sign-In user revocation. For apps that do not integrate with
108            Google Sign-In, this service will never be started.
109        -->
110        <service
110-->[com.google.android.gms:play-services-auth:20.7.0] AndroidManifest.xml:33:9-37:51
111            android:name="com.google.android.gms.auth.api.signin.RevocationBoundService"
111-->[com.google.android.gms:play-services-auth:20.7.0] AndroidManifest.xml:34:13-89
112            android:exported="true"
112-->[com.google.android.gms:play-services-auth:20.7.0] AndroidManifest.xml:35:13-36
113            android:permission="com.google.android.gms.auth.api.signin.permission.REVOCATION_NOTIFICATION"
113-->[com.google.android.gms:play-services-auth:20.7.0] AndroidManifest.xml:36:13-107
114            android:visibleToInstantApps="true" />
114-->[com.google.android.gms:play-services-auth:20.7.0] AndroidManifest.xml:37:13-48
115
116        <activity
116-->[com.google.android.gms:play-services-base:18.0.1] AndroidManifest.xml:20:9-22:45
117            android:name="com.google.android.gms.common.api.GoogleApiActivity"
117-->[com.google.android.gms:play-services-base:18.0.1] AndroidManifest.xml:20:19-85
118            android:exported="false"
118-->[com.google.android.gms:play-services-base:18.0.1] AndroidManifest.xml:22:19-43
119            android:theme="@android:style/Theme.Translucent.NoTitleBar" />
119-->[com.google.android.gms:play-services-base:18.0.1] AndroidManifest.xml:21:19-78
120
121        <meta-data
121-->[com.google.android.gms:play-services-basement:18.2.0] AndroidManifest.xml:21:9-23:69
122            android:name="com.google.android.gms.version"
122-->[com.google.android.gms:play-services-basement:18.2.0] AndroidManifest.xml:22:13-58
123            android:value="@integer/google_play_services_version" />
123-->[com.google.android.gms:play-services-basement:18.2.0] AndroidManifest.xml:23:13-66
124        <!--
125         The initialization ContentProvider will call FacebookSdk.sdkInitialize automatically
126         with the application context. This config is merged in with the host app's manifest,
127         but there can only be one provider with the same authority activated at any given
128         point; so if the end user has two or more different apps that use Facebook SDK, only the
129         first one will be able to use the provider. To work around this problem, we use the
130         following placeholder in the authority to identify each host application as if it was
131         a completely different provider.
132        -->
133        <provider
133-->[com.facebook.android:facebook-core:16.0.1] AndroidManifest.xml:29:9-32:40
134            android:name="com.facebook.internal.FacebookInitProvider"
134-->[com.facebook.android:facebook-core:16.0.1] AndroidManifest.xml:30:13-70
135            android:authorities="com.spotifyflutter.abdulwahabtanveer.FacebookInitProvider"
135-->[com.facebook.android:facebook-core:16.0.1] AndroidManifest.xml:31:13-72
136            android:exported="false" />
136-->[com.facebook.android:facebook-core:16.0.1] AndroidManifest.xml:32:13-37
137
138        <receiver
138-->[com.facebook.android:facebook-core:16.0.1] AndroidManifest.xml:34:9-40:20
139            android:name="com.facebook.CurrentAccessTokenExpirationBroadcastReceiver"
139-->[com.facebook.android:facebook-core:16.0.1] AndroidManifest.xml:35:13-86
140            android:exported="false" >
140-->[com.facebook.android:facebook-core:16.0.1] AndroidManifest.xml:36:13-37
141            <intent-filter>
141-->[com.facebook.android:facebook-core:16.0.1] AndroidManifest.xml:37:13-39:29
142                <action android:name="com.facebook.sdk.ACTION_CURRENT_ACCESS_TOKEN_CHANGED" />
142-->[com.facebook.android:facebook-core:16.0.1] AndroidManifest.xml:38:17-95
142-->[com.facebook.android:facebook-core:16.0.1] AndroidManifest.xml:38:25-92
143            </intent-filter>
144        </receiver>
145        <receiver
145-->[com.facebook.android:facebook-core:16.0.1] AndroidManifest.xml:41:9-47:20
146            android:name="com.facebook.AuthenticationTokenManager$CurrentAuthenticationTokenChangedBroadcastReceiver"
146-->[com.facebook.android:facebook-core:16.0.1] AndroidManifest.xml:42:13-118
147            android:exported="false" >
147-->[com.facebook.android:facebook-core:16.0.1] AndroidManifest.xml:43:13-37
148            <intent-filter>
148-->[com.facebook.android:facebook-core:16.0.1] AndroidManifest.xml:44:13-46:29
149                <action android:name="com.facebook.sdk.ACTION_CURRENT_AUTHENTICATION_TOKEN_CHANGED" />
149-->[com.facebook.android:facebook-core:16.0.1] AndroidManifest.xml:45:17-103
149-->[com.facebook.android:facebook-core:16.0.1] AndroidManifest.xml:45:25-100
150            </intent-filter>
151        </receiver>
152    </application>
153
154</manifest>